<?xml version="1.0" encoding="UTF-8"?>
<testsuite xmlns:xsi="http://www.w3.org/2001/XMLSchema-instance" xsi:noNamespaceSchemaLocation="https://maven.apache.org/surefire/maven-surefire-plugin/xsd/surefire-test-report.xsd" version="3.0.2" name="com.example.helloworld.HelloWorldApiApplicationTests" time="4.82" tests="1" errors="0" skipped="0" failures="0">
  <properties>
[...]
</properties>
  <testcase name="contextLoads" classname="com.example.helloworld.HelloWorldApiApplicationTests" time="1.491">
    <system-out><![CDATA[15:24:43.796 [main] INFO org.springframework.test.context.support.AnnotationConfigContextLoaderUtils -- Could not detect default configuration classes for test class [com.example.helloworld.HelloWorldApiApplicationTests]: HelloWorldApiApplicationTests does not declare any static, non-private, non-final, nested classes annotated with @Configuration.
15:24:44.063 [main] INFO org.springframework.boot.test.context.SpringBootTestContextBootstrapper -- Found @SpringBootConfiguration com.example.helloworld.HelloworldApplication for test class com.example.helloworld.HelloWorldApiApplicationTests

  .   ____          _            __ _ _
 /\\ / ___'_ __ _ _(_)_ __  __ _ \ \ \ \
( ( )\___ | '_ | '_| | '_ \/ _` | \ \ \ \
 \\/  ___)| |_)| | | | | || (_| |  ) ) ) )
  '  |____| .__|_| |_|_| |_\__, | / / / /
 =========|_|==============|___/=/_/_/_/

 :: Spring Boot ::                (v4.0.1)

2026-01-13T15:24:44.898+05:30  INFO 18644 --- [hello-world-api] [           main] c.e.h.HelloWorldApiApplicationTests      : Starting HelloWorldApiApplicationTests using Java 25.0.1 with PID 18644 (started by jainv in C:\Users\jainv\OneDrive\Desktop\Java-deply-demo\helloworld)
2026-01-13T15:24:44.901+05:30  INFO 18644 --- [hello-world-api] [           main] c.e.h.HelloWorldApiApplicationTests      : No active profile set, falling back to 1 default profile: "default"
2026-01-13T15:24:46.692+05:30  INFO 18644 --- [hello-world-api] [           main] c.e.h.HelloWorldApiApplicationTests      : Started HelloWorldApiApplicationTests in 2.307 seconds (process running for 4.697)
]]></system-out>
    <system-err><![CDATA[Mockito is currently self-attaching to enable the inline-mock-maker. This will no longer work in future releases of the JDK. Please add Mockito as an agent to your build as described in Mockito's documentation: https://javadoc.io/doc/org.mockito/mockito-core/latest/org.mockito/org/mockito/Mockito.html#0.3
WARNING: A Java agent has been loaded dynamically (C:\Users\jainv\.m2\repository\net\bytebuddy\byte-buddy-agent\1.17.8\byte-buddy-agent-1.17.8.jar)
WARNING: If a serviceability tool is in use, please run with -XX:+EnableDynamicAgentLoading to hide this warning
WARNING: If a serviceability tool is not in use, please run with -Djdk.instrument.traceUsage for more information
WARNING: Dynamic loading of agents will be disallowed by default in a future release
]]></system-err>
  </testcase>
</testsuite>